<?xml version="1.0" encoding="UTF-8"?>
<!-- Generated by org.testng.reporters.JUnitReportReporter -->
<testsuite skipped="0" hostname="LAPTOP-MQ0MTLQH" name="test.LoginTest" tests="1" failures="0" timestamp="2023-04-26T20:11:22 CDT" time="10.158" errors="0">
  <testcase name="UserShouldAbleToLogin" time="10.158" classname="test.LoginTest"/>
  <system-out/>
</testsuite> <!-- test.LoginTest -->
